index-B0tER7tV.js:16941 API Request to: https://it-resonance-api-wacky-panther-za.cfapps.us10-001.hana.ondemand.com/api/jobs/5e79a585-61e4-4851-83c8-88187ed4e9d6
index-B0tER7tV.js:16611 
            
            
           GET https://it-resonance-api-wacky-panther-za.cfapps.us10-001.hana.ondemand.com/api/jobs/5e79a585-61e4-4851-83c8-88187ed4e9d6 404 (Not Found)
(anonymous) @ index-B0tER7tV.js:16611
xhr @ index-B0tER7tV.js:16611
hy @ index-B0tER7tV.js:16613
Promise.then
_request @ index-B0tER7tV.js:16614
request @ index-B0tER7tV.js:16613
l4.<computed> @ index-B0tER7tV.js:16614
(anonymous) @ index-B0tER7tV.js:16609
da2 @ index-B0tER7tV.js:16941
y @ index-B0tER7tV.js:16953
(anonymous) @ index-B0tER7tV.js:16953
setInterval
d @ index-B0tER7tV.js:16953
k @ index-B0tER7tV.js:16953
await in k
d @ index-B0tER7tV.js:16931
CK1 @ index-B0tER7tV.js:37
sK1 @ index-B0tER7tV.js:37
cK1 @ index-B0tER7tV.js:37
rd @ index-B0tER7tV.js:37
uI @ index-B0tER7tV.js:37
(anonymous) @ index-B0tER7tV.js:37
Jl @ index-B0tER7tV.js:40
Df @ index-B0tER7tV.js:37
bC @ index-B0tER7tV.js:37
$l @ index-B0tER7tV.js:37
bK1 @ index-B0tER7tV.js:37
index-B0tER7tV.js:16941 API Error Response: 404 {error: 'Job not found'}
overrideMethod @ hook.js:608
(anonymous) @ index-B0tER7tV.js:16941
Promise.then
_request @ index-B0tER7tV.js:16614
request @ index-B0tER7tV.js:16613
l4.<computed> @ index-B0tER7tV.js:16614
(anonymous) @ index-B0tER7tV.js:16609
da2 @ index-B0tER7tV.js:16941
y @ index-B0tER7tV.js:16953
(anonymous) @ index-B0tER7tV.js:16953
setInterval
d @ index-B0tER7tV.js:16953
k @ index-B0tER7tV.js:16953
await in k
d @ index-B0tER7tV.js:16931
CK1 @ index-B0tER7tV.js:37
sK1 @ index-B0tER7tV.js:37
cK1 @ index-B0tER7tV.js:37
rd @ index-B0tER7tV.js:37
uI @ index-B0tER7tV.js:37
(anonymous) @ index-B0tER7tV.js:37
Jl @ index-B0tER7tV.js:40
Df @ index-B0tER7tV.js:37
bC @ index-B0tER7tV.js:37
$l @ index-B0tER7tV.js:37
bK1 @ index-B0tER7tV.js:37
index-B0tER7tV.js:16941 Error getting job status: P1 {message: 'Request failed with status code 404', name: 'AxiosError', code: 'ERR_BAD_REQUEST', config: {…}, request: XMLHttpRequest, …}
overrideMethod @ hook.js:608
da2 @ index-B0tER7tV.js:16941
await in da2
y @ index-B0tER7tV.js:16953
(anonymous) @ index-B0tER7tV.js:16953
setInterval
d @ index-B0tER7tV.js:16953
k @ index-B0tER7tV.js:16953
await in k
d @ index-B0tER7tV.js:16931
CK1 @ index-B0tER7tV.js:37
sK1 @ index-B0tER7tV.js:37
cK1 @ index-B0tER7tV.js:37
rd @ index-B0tER7tV.js:37
uI @ index-B0tER7tV.js:37
(anonymous) @ index-B0tER7tV.js:37
Jl @ index-B0tER7tV.js:40
Df @ index-B0tER7tV.js:37
bC @ index-B0tER7tV.js:37
$l @ index-B0tER7tV.js:37
bK1 @ index-B0tER7tV.js:37
index-B0tER7tV.js:16953 Error checking job status: P1 {message: 'Request failed with status code 404', name: 'AxiosError', code: 'ERR_BAD_REQUEST', config: {…}, request: XMLHttpRequest, …}
overrideMethod @ hook.js:608
y @ index-B0tER7tV.js:16953
await in y
(anonymous) @ index-B0tER7tV.js:16953
setInterval
d @ index-B0tER7tV.js:16953
k @ index-B0tER7tV.js:16953
await in k
d @ index-B0tER7tV.js:16931
CK1 @ index-B0tER7tV.js:37
sK1 @ index-B0tER7tV.js:37
cK1 @ index-B0tER7tV.js:37
rd @ index-B0tER7tV.js:37
uI @ index-B0tER7tV.js:37
(anonymous) @ index-B0tER7tV.js:37
Jl @ index-B0tER7tV.js:40
Df @ index-B0tER7tV.js:37
bC @ index-B0tER7tV.js:37
$l @ index-B0tER7tV.js:37
bK1 @ index-B0tER7tV.js:37
index-B0tER7tV.js:16941 Attempting to download html file for job 5e79a585-61e4-4851-83c8-88187ed4e9d6...
index-B0tER7tV.js:16941 API Request to: https://it-resonance-api-wacky-panther-za.cfapps.us10-001.hana.ondemand.com/api/docs/5e79a585-61e4-4851-83c8-88187ed4e9d6/html
index-B0tER7tV.js:16611 
            
            
           GET https://it-resonance-api-wacky-panther-za.cfapps.us10-001.hana.ondemand.com/api/docs/5e79a585-61e4-4851-83c8-88187ed4e9d6/html 404 (Not Found)
(anonymous) @ index-B0tER7tV.js:16611
xhr @ index-B0tER7tV.js:16611
hy @ index-B0tER7tV.js:16613
Promise.then
_request @ index-B0tER7tV.js:16614
request @ index-B0tER7tV.js:16613
l4.<computed> @ index-B0tER7tV.js:16614
(anonymous) @ index-B0tER7tV.js:16609
xU1 @ index-B0tER7tV.js:16941
D @ index-B0tER7tV.js:16941
onClick @ index-B0tER7tV.js:16941
CK1 @ index-B0tER7tV.js:37
sK1 @ index-B0tER7tV.js:37
cK1 @ index-B0tER7tV.js:37
rd @ index-B0tER7tV.js:37
uI @ index-B0tER7tV.js:37
(anonymous) @ index-B0tER7tV.js:37
Jl @ index-B0tER7tV.js:40
Df @ index-B0tER7tV.js:37
bC @ index-B0tER7tV.js:37
$l @ index-B0tER7tV.js:37
bK1 @ index-B0tER7tV.js:37
index-B0tER7tV.js:16941 API Error Response: 404 Blob {size: 31, type: 'application/json'}
overrideMethod @ hook.js:608
(anonymous) @ index-B0tER7tV.js:16941
Promise.then
_request @ index-B0tER7tV.js:16614
request @ index-B0tER7tV.js:16613
l4.<computed> @ index-B0tER7tV.js:16614
(anonymous) @ index-B0tER7tV.js:16609
xU1 @ index-B0tER7tV.js:16941
D @ index-B0tER7tV.js:16941
onClick @ index-B0tER7tV.js:16941
CK1 @ index-B0tER7tV.js:37
sK1 @ index-B0tER7tV.js:37
cK1 @ index-B0tER7tV.js:37
rd @ index-B0tER7tV.js:37
uI @ index-B0tER7tV.js:37
(anonymous) @ index-B0tER7tV.js:37
Jl @ index-B0tER7tV.js:40
Df @ index-B0tER7tV.js:37
bC @ index-B0tER7tV.js:37
$l @ index-B0tER7tV.js:37
bK1 @ index-B0tER7tV.js:37
index-B0tER7tV.js:16941 Error getting documentation: P1 {message: 'Request failed with status code 404', name: 'AxiosError', code: 'ERR_BAD_REQUEST', config: {…}, request: XMLHttpRequest, …}
overrideMethod @ hook.js:608
xU1 @ index-B0tER7tV.js:16941
await in xU1
D @ index-B0tER7tV.js:16941
onClick @ index-B0tER7tV.js:16941
CK1 @ index-B0tER7tV.js:37
sK1 @ index-B0tER7tV.js:37
cK1 @ index-B0tER7tV.js:37
rd @ index-B0tER7tV.js:37
uI @ index-B0tER7tV.js:37
(anonymous) @ index-B0tER7tV.js:37
Jl @ index-B0tER7tV.js:40
Df @ index-B0tER7tV.js:37
bC @ index-B0tER7tV.js:37
$l @ index-B0tER7tV.js:37
bK1 @ index-B0tER7tV.js:37
index-B0tER7tV.js:16941 Error downloading html file: P1 {message: 'Request failed with status code 404', name: 'AxiosError', code: 'ERR_BAD_REQUEST', config: {…}, request: XMLHttpRequest, …}
overrideMethod @ hook.js:608
D @ index-B0tER7tV.js:16941
await in D
onClick @ index-B0tER7tV.js:16941
CK1 @ index-B0tER7tV.js:37
sK1 @ index-B0tER7tV.js:37
cK1 @ index-B0tER7tV.js:37
rd @ index-B0tER7tV.js:37
uI @ index-B0tER7tV.js:37
(anonymous) @ index-B0tER7tV.js:37
Jl @ index-B0tER7tV.js:40
Df @ index-B0tER7tV.js:37
bC @ index-B0tER7tV.js:37
$l @ index-B0tER7tV.js:37
bK1 @ index-B0tER7tV.js:37
index-B0tER7tV.js:16941 API Request to: https://it-resonance-api-wacky-panther-za.cfapps.us10-001.hana.ondemand.com/api/jobs/5e79a585-61e4-4851-83c8-88187ed4e9d6
index-B0tER7tV.js:16941 API Response from: /jobs/5e79a585-61e4-4851-83c8-88187ed4e9d6 200
index-B0tER7tV.js:16941 Getting iFlow match status for job: 5e79a585-61e4-4851-83c8-88187ed4e9d6
index-B0tER7tV.js:16941 API Request to: https://it-resonance-api-wacky-panther-za.cfapps.us10-001.hana.ondemand.com/api/iflow-match/5e79a585-61e4-4851-83c8-88187ed4e9d6
index-B0tER7tV.js:16941 API Response from: /iflow-match/5e79a585-61e4-4851-83c8-88187ed4e9d6 200
index-B0tER7tV.js:16941 iFlow match status response: {message: 'SAP Integration Suite equivalent search has not been started', status: 'not_started'}
index-B0tER7tV.js:16941 API Request to: https://it-resonance-api-wacky-panther-za.cfapps.us10-001.hana.ondemand.com/api/jobs/5e79a585-61e4-4851-83c8-88187ed4e9d6
index-B0tER7tV.js:16941 API Response from: /jobs/5e79a585-61e4-4851-83c8-88187ed4e9d6 200
index-B0tER7tV.js:16941 Getting iFlow match status for job: 5e79a585-61e4-4851-83c8-88187ed4e9d6
index-B0tER7tV.js:16941 API Request to: https://it-resonance-api-wacky-panther-za.cfapps.us10-001.hana.ondemand.com/api/iflow-match/5e79a585-61e4-4851-83c8-88187ed4e9d6
index-B0tER7tV.js:16941 Attempting to download html file for job 5e79a585-61e4-4851-83c8-88187ed4e9d6...
index-B0tER7tV.js:16941 API Request to: https://it-resonance-api-wacky-panther-za.cfapps.us10-001.hana.ondemand.com/api/docs/5e79a585-61e4-4851-83c8-88187ed4e9d6/html
index-B0tER7tV.js:16611 
            
            
           GET https://it-resonance-api-wacky-panther-za.cfapps.us10-001.hana.ondemand.com/api/iflow-match/5e79a585-61e4-4851-83c8-88187ed4e9d6 404 (Not Found)
(anonymous) @ index-B0tER7tV.js:16611
xhr @ index-B0tER7tV.js:16611
hy @ index-B0tER7tV.js:16613
Promise.then
_request @ index-B0tER7tV.js:16614
request @ index-B0tER7tV.js:16613
l4.<computed> @ index-B0tER7tV.js:16614
(anonymous) @ index-B0tER7tV.js:16609
Ly @ index-B0tER7tV.js:16941
v @ index-B0tER7tV.js:16941
(anonymous) @ index-B0tER7tV.js:16941
wo @ index-B0tER7tV.js:40
w3 @ index-B0tER7tV.js:40
(anonymous) @ index-B0tER7tV.js:40
b @ index-B0tER7tV.js:25
P @ index-B0tER7tV.js:25
index-B0tER7tV.js:16941 API Error Response: 404 {error: 'Job not found'}
overrideMethod @ hook.js:608
(anonymous) @ index-B0tER7tV.js:16941
Promise.then
_request @ index-B0tER7tV.js:16614
request @ index-B0tER7tV.js:16613
l4.<computed> @ index-B0tER7tV.js:16614
(anonymous) @ index-B0tER7tV.js:16609
Ly @ index-B0tER7tV.js:16941
v @ index-B0tER7tV.js:16941
(anonymous) @ index-B0tER7tV.js:16941
wo @ index-B0tER7tV.js:40
w3 @ index-B0tER7tV.js:40
(anonymous) @ index-B0tER7tV.js:40
b @ index-B0tER7tV.js:25
P @ index-B0tER7tV.js:25
index-B0tER7tV.js:16941 Error getting iFlow match status: P1 {message: 'Request failed with status code 404', name: 'AxiosError', code: 'ERR_BAD_REQUEST', config: {…}, request: XMLHttpRequest, …}
overrideMethod @ hook.js:608
Ly @ index-B0tER7tV.js:16941
await in Ly
v @ index-B0tER7tV.js:16941
(anonymous) @ index-B0tER7tV.js:16941
wo @ index-B0tER7tV.js:40
w3 @ index-B0tER7tV.js:40
(anonymous) @ index-B0tER7tV.js:40
b @ index-B0tER7tV.js:25
P @ index-B0tER7tV.js:25
index-B0tER7tV.js:16941 Response error data: {error: 'Job not found'}
overrideMethod @ hook.js:608
Ly @ index-B0tER7tV.js:16941
await in Ly
v @ index-B0tER7tV.js:16941
(anonymous) @ index-B0tER7tV.js:16941
wo @ index-B0tER7tV.js:40
w3 @ index-B0tER7tV.js:40
(anonymous) @ index-B0tER7tV.js:40
b @ index-B0tER7tV.js:25
P @ index-B0tER7tV.js:25
index-B0tER7tV.js:16941 Response error status: 404
overrideMethod @ hook.js:608
Ly @ index-B0tER7tV.js:16941
await in Ly
v @ index-B0tER7tV.js:16941
(anonymous) @ index-B0tER7tV.js:16941
wo @ index-B0tER7tV.js:40
w3 @ index-B0tER7tV.js:40
(anonymous) @ index-B0tER7tV.js:40
b @ index-B0tER7tV.js:25
P @ index-B0tER7tV.js:25
index-B0tER7tV.js:16941 Error checking iFlow match status: P1 {message: 'Request failed with status code 404', name: 'AxiosError', code: 'ERR_BAD_REQUEST', config: {…}, request: XMLHttpRequest, …}
overrideMethod @ hook.js:608
v @ index-B0tER7tV.js:16941
await in v
(anonymous) @ index-B0tER7tV.js:16941
wo @ index-B0tER7tV.js:40
w3 @ index-B0tER7tV.js:40
(anonymous) @ index-B0tER7tV.js:40
b @ index-B0tER7tV.js:25
P @ index-B0tER7tV.js:25
index-B0tER7tV.js:16611 
            
            
           GET https://it-resonance-api-wacky-panther-za.cfapps.us10-001.hana.ondemand.com/api/docs/5e79a585-61e4-4851-83c8-88187ed4e9d6/html 404 (Not Found)
(anonymous) @ index-B0tER7tV.js:16611
xhr @ index-B0tER7tV.js:16611
hy @ index-B0tER7tV.js:16613
Promise.then
_request @ index-B0tER7tV.js:16614
request @ index-B0tER7tV.js:16613
l4.<computed> @ index-B0tER7tV.js:16614
(anonymous) @ index-B0tER7tV.js:16609
xU1 @ index-B0tER7tV.js:16941
D @ index-B0tER7tV.js:16941
onClick @ index-B0tER7tV.js:16941
CK1 @ index-B0tER7tV.js:37
sK1 @ index-B0tER7tV.js:37
cK1 @ index-B0tER7tV.js:37
rd @ index-B0tER7tV.js:37
uI @ index-B0tER7tV.js:37
(anonymous) @ index-B0tER7tV.js:37
Jl @ index-B0tER7tV.js:40
Df @ index-B0tER7tV.js:37
bC @ index-B0tER7tV.js:37
$l @ index-B0tER7tV.js:37
bK1 @ index-B0tER7tV.js:37
index-B0tER7tV.js:16941 API Error Response: 404 Blob {size: 31, type: 'application/json'}
overrideMethod @ hook.js:608
(anonymous) @ index-B0tER7tV.js:16941
Promise.then
_request @ index-B0tER7tV.js:16614
request @ index-B0tER7tV.js:16613
l4.<computed> @ index-B0tER7tV.js:16614
(anonymous) @ index-B0tER7tV.js:16609
xU1 @ index-B0tER7tV.js:16941
D @ index-B0tER7tV.js:16941
onClick @ index-B0tER7tV.js:16941
CK1 @ index-B0tER7tV.js:37
sK1 @ index-B0tER7tV.js:37
cK1 @ index-B0tER7tV.js:37
rd @ index-B0tER7tV.js:37
uI @ index-B0tER7tV.js:37
(anonymous) @ index-B0tER7tV.js:37
Jl @ index-B0tER7tV.js:40
Df @ index-B0tER7tV.js:37
bC @ index-B0tER7tV.js:37
$l @ index-B0tER7tV.js:37
bK1 @ index-B0tER7tV.js:37
index-B0tER7tV.js:16941 Error getting documentation: P1 {message: 'Request failed with status code 404', name: 'AxiosError', code: 'ERR_BAD_REQUEST', config: {…}, request: XMLHttpRequest, …}
overrideMethod @ hook.js:608
xU1 @ index-B0tER7tV.js:16941
await in xU1
D @ index-B0tER7tV.js:16941
onClick @ index-B0tER7tV.js:16941
CK1 @ index-B0tER7tV.js:37
sK1 @ index-B0tER7tV.js:37
cK1 @ index-B0tER7tV.js:37
rd @ index-B0tER7tV.js:37
uI @ index-B0tER7tV.js:37
(anonymous) @ index-B0tER7tV.js:37
Jl @ index-B0tER7tV.js:40
Df @ index-B0tER7tV.js:37
bC @ index-B0tER7tV.js:37
$l @ index-B0tER7tV.js:37
bK1 @ index-B0tER7tV.js:37
index-B0tER7tV.js:16941 Error downloading html file: P1 {message: 'Request failed with status code 404', name: 'AxiosError', code: 'ERR_BAD_REQUEST', config: {…}, request: XMLHttpRequest, …}
overrideMethod @ hook.js:608
D @ index-B0tER7tV.js:16941
await in D
onClick @ index-B0tER7tV.js:16941
CK1 @ index-B0tER7tV.js:37
sK1 @ index-B0tER7tV.js:37
cK1 @ index-B0tER7tV.js:37
rd @ index-B0tER7tV.js:37
uI @ index-B0tER7tV.js:37
(anonymous) @ index-B0tER7tV.js:37
Jl @ index-B0tER7tV.js:40
Df @ index-B0tER7tV.js:37
bC @ index-B0tER7tV.js:37
$l @ index-B0tER7tV.js:37
bK1 @ index-B0tER7tV.js:37
index-B0tER7tV.js:16941 API Request to: https://it-resonance-api-wacky-panther-za.cfapps.us10-001.hana.ondemand.com/api/jobs/5e79a585-61e4-4851-83c8-88187ed4e9d6
index-B0tER7tV.js:16941 API Response from: /jobs/5e79a585-61e4-4851-83c8-88187ed4e9d6 200
index-B0tER7tV.js:16941 Getting iFlow match status for job: 5e79a585-61e4-4851-83c8-88187ed4e9d6
index-B0tER7tV.js:16941 API Request to: https://it-resonance-api-wacky-panther-za.cfapps.us10-001.hana.ondemand.com/api/iflow-match/5e79a585-61e4-4851-83c8-88187ed4e9d6
index-B0tER7tV.js:16941 API Response from: /iflow-match/5e79a585-61e4-4851-83c8-88187ed4e9d6 200
index-B0tER7tV.js:16941 iFlow match status response: {message: 'SAP Integration Suite equivalent search has not been started', status: 'not_started'}
index-B0tER7tV.js:16941 API Request to: https://it-resonance-api-wacky-panther-za.cfapps.us10-001.hana.ondemand.com/api/jobs/5e79a585-61e4-4851-83c8-88187ed4e9d6
index-B0tER7tV.js:16941 API Response from: /jobs/5e79a585-61e4-4851-83c8-88187ed4e9d6 200
index-B0tER7tV.js:16941 Getting iFlow match status for job: 5e79a585-61e4-4851-83c8-88187ed4e9d6
index-B0tER7tV.js:16941 API Request to: https://it-resonance-api-wacky-panther-za.cfapps.us10-001.hana.ondemand.com/api/iflow-match/5e79a585-61e4-4851-83c8-88187ed4e9d6
index-B0tER7tV.js:16941 API Response from: /iflow-match/5e79a585-61e4-4851-83c8-88187ed4e9d6 200
index-B0tER7tV.js:16941 iFlow match status response: {message: 'SAP Integration Suite equivalent search has not been started', status: 'not_started'}
index-B0tER7tV.js:16941 API Request to: https://it-resonance-api-wacky-panther-za.cfapps.us10-001.hana.ondemand.com/api/jobs/5e79a585-61e4-4851-83c8-88187ed4e9d6
index-B0tER7tV.js:16611 
            
            
           GET https://it-resonance-api-wacky-panther-za.cfapps.us10-001.hana.ondemand.com/api/jobs/5e79a585-61e4-4851-83c8-88187ed4e9d6 404 (Not Found)
(anonymous) @ index-B0tER7tV.js:16611
xhr @ index-B0tER7tV.js:16611
hy @ index-B0tER7tV.js:16613
Promise.then
_request @ index-B0tER7tV.js:16614
request @ index-B0tER7tV.js:16613
l4.<computed> @ index-B0tER7tV.js:16614
(anonymous) @ index-B0tER7tV.js:16609
da2 @ index-B0tER7tV.js:16941
y @ index-B0tER7tV.js:16953
(anonymous) @ index-B0tER7tV.js:16953
setInterval
d @ index-B0tER7tV.js:16953
k @ index-B0tER7tV.js:16953
await in k
d @ index-B0tER7tV.js:16931
CK1 @ index-B0tER7tV.js:37
sK1 @ index-B0tER7tV.js:37
cK1 @ index-B0tER7tV.js:37
rd @ index-B0tER7tV.js:37
uI @ index-B0tER7tV.js:37
(anonymous) @ index-B0tER7tV.js:37
Jl @ index-B0tER7tV.js:40
Df @ index-B0tER7tV.js:37
bC @ index-B0tER7tV.js:37
$l @ index-B0tER7tV.js:37
bK1 @ index-B0tER7tV.js:37
index-B0tER7tV.js:16941 API Error Response: 404 {error: 'Job not found'}
overrideMethod @ hook.js:608
(anonymous) @ index-B0tER7tV.js:16941
Promise.then
_request @ index-B0tER7tV.js:16614
request @ index-B0tER7tV.js:16613
l4.<computed> @ index-B0tER7tV.js:16614
(anonymous) @ index-B0tER7tV.js:16609
da2 @ index-B0tER7tV.js:16941
y @ index-B0tER7tV.js:16953
(anonymous) @ index-B0tER7tV.js:16953
setInterval
d @ index-B0tER7tV.js:16953
k @ index-B0tER7tV.js:16953
await in k
d @ index-B0tER7tV.js:16931
CK1 @ index-B0tER7tV.js:37
sK1 @ index-B0tER7tV.js:37
cK1 @ index-B0tER7tV.js:37
rd @ index-B0tER7tV.js:37
uI @ index-B0tER7tV.js:37
(anonymous) @ index-B0tER7tV.js:37
Jl @ index-B0tER7tV.js:40
Df @ index-B0tER7tV.js:37
bC @ index-B0tER7tV.js:37
$l @ index-B0tER7tV.js:37
bK1 @ index-B0tER7tV.js:37
index-B0tER7tV.js:16941 Error getting job status: P1 {message: 'Request failed with status code 404', name: 'AxiosError', code: 'ERR_BAD_REQUEST', config: {…}, request: XMLHttpRequest, …}
overrideMethod @ hook.js:608
da2 @ index-B0tER7tV.js:16941
await in da2
y @ index-B0tER7tV.js:16953
(anonymous) @ index-B0tER7tV.js:16953
setInterval
d @ index-B0tER7tV.js:16953
k @ index-B0tER7tV.js:16953
await in k
d @ index-B0tER7tV.js:16931
CK1 @ index-B0tER7tV.js:37
sK1 @ index-B0tER7tV.js:37
cK1 @ index-B0tER7tV.js:37
rd @ index-B0tER7tV.js:37
uI @ index-B0tER7tV.js:37
(anonymous) @ index-B0tER7tV.js:37
Jl @ index-B0tER7tV.js:40
Df @ index-B0tER7tV.js:37
bC @ index-B0tER7tV.js:37
$l @ index-B0tER7tV.js:37
bK1 @ index-B0tER7tV.js:37
index-B0tER7tV.js:16953 Error checking job status: P1 {message: 'Request failed with status code 404', name: 'AxiosError', code: 'ERR_BAD_REQUEST', config: {…}, request: XMLHttpRequest, …}
overrideMethod @ hook.js:608
y @ index-B0tER7tV.js:16953
await in y
(anonymous) @ index-B0tER7tV.js:16953
setInterval
d @ index-B0tER7tV.js:16953
k @ index-B0tER7tV.js:16953
await in k
d @ index-B0tER7tV.js:16931
CK1 @ index-B0tER7tV.js:37
sK1 @ index-B0tER7tV.js:37
cK1 @ index-B0tER7tV.js:37
rd @ index-B0tER7tV.js:37
uI @ index-B0tER7tV.js:37
(anonymous) @ index-B0tER7tV.js:37
Jl @ index-B0tER7tV.js:40
Df @ index-B0tER7tV.js:37
bC @ index-B0tER7tV.js:37
$l @ index-B0tER7tV.js:37
bK1 @ index-B0tER7tV.js:37
